2022-10-12 19:41:06.254  INFO 191300 --- [main] com.aruntech.CustomerServiceApplication  : No active profile set, falling back to default profiles: default
2022-10-12 19:41:08.090  INFO 191300 --- [main] o.s.cloud.context.scope.GenericScope     : BeanFactory id=ae29ed3a-6449-386e-b5b2-069347be4c98
2022-10-12 19:41:09.559  INFO 191300 --- [main] o.s.b.w.embedded.tomcat.TomcatWebServer  : Tomcat initialized with port(s): 9002 (http)
2022-10-12 19:41:09.586  INFO 191300 --- [main] o.apache.catalina.core.StandardService   : Starting service [Tomcat]
2022-10-12 19:41:09.586  INFO 191300 --- [main] org.apache.catalina.core.StandardEngine  : Starting Servlet engine: [Apache Tomcat/9.0.31]
2022-10-12 19:41:10.779  INFO 191300 --- [main] o.a.c.c.C.[Tomcat].[localhost].[/]       : Initializing Spring embedded WebApplicationContext
2022-10-12 19:41:10.781  INFO 191300 --- [main] o.s.web.context.ContextLoader            : Root WebApplicationContext: initialization completed in 4468 ms
2022-10-12 19:41:10.962  WARN 191300 --- [main] c.n.c.sources.URLConfigurationSource     : No URLs will be polled as dynamic configuration sources.
2022-10-12 19:41:10.963  INFO 191300 --- [main] c.n.c.sources.URLConfigurationSource     : To enable URLs as dynamic configuration sources, define System property archaius.configurationSource.additionalUrls or make config.properties available on classpath.
2022-10-12 19:41:10.981  WARN 191300 --- [main] c.n.c.sources.URLConfigurationSource     : No URLs will be polled as dynamic configuration sources.
2022-10-12 19:41:10.981  INFO 191300 --- [main] c.n.c.sources.URLConfigurationSource     : To enable URLs as dynamic configuration sources, define System property archaius.configurationSource.additionalUrls or make config.properties available on classpath.
2022-10-12 19:41:11.783  INFO 191300 --- [main] o.s.s.concurrent.ThreadPoolTaskExecutor  : Initializing ExecutorService 'applicationTaskExecutor'
2022-10-12 19:41:13.976  WARN 191300 --- [main] ockingLoadBalancerClientRibbonWarnLogger : You already have RibbonLoadBalancerClient on your classpath. It will be used by default. As Spring Cloud Ribbon is in maintenance mode. We recommend switching to BlockingLoadBalancerClient instead. In order to use it, set the value of `spring.cloud.loadbalancer.ribbon.enabled` to `false` or remove spring-cloud-starter-netflix-ribbon from your project.
2022-10-12 19:41:14.107  INFO 191300 --- [main] o.s.c.n.eureka.InstanceInfoFactory       : Setting initial instance status as: STARTING
2022-10-12 19:41:14.317  INFO 191300 --- [main] com.netflix.discovery.DiscoveryClient    : Initializing Eureka in region us-east-1
2022-10-12 19:41:15.478  INFO 191300 --- [main] c.n.d.provider.DiscoveryJerseyProvider   : Using JSON encoding codec LegacyJacksonJson
2022-10-12 19:41:15.479  INFO 191300 --- [main] c.n.d.provider.DiscoveryJerseyProvider   : Using JSON decoding codec LegacyJacksonJson
2022-10-12 19:41:15.771  INFO 191300 --- [main] c.n.d.provider.DiscoveryJerseyProvider   : Using XML encoding codec XStreamXml
2022-10-12 19:41:15.771  INFO 191300 --- [main] c.n.d.provider.DiscoveryJerseyProvider   : Using XML decoding codec XStreamXml
2022-10-12 19:41:16.193  INFO 191300 --- [main] c.n.d.s.r.aws.ConfigClusterResolver      : Resolving eureka endpoints via configuration
2022-10-12 19:41:16.633  INFO 191300 --- [main] com.netflix.discovery.DiscoveryClient    : Disable delta property : false
2022-10-12 19:41:16.633  INFO 191300 --- [main] com.netflix.discovery.DiscoveryClient    : Single vip registry refresh property : null
2022-10-12 19:41:16.633  INFO 191300 --- [main] com.netflix.discovery.DiscoveryClient    : Force full registry fetch : false
2022-10-12 19:41:16.633  INFO 191300 --- [main] com.netflix.discovery.DiscoveryClient    : Application is null : false
2022-10-12 19:41:16.633  INFO 191300 --- [main] com.netflix.discovery.DiscoveryClient    : Registered Applications size is zero : true
2022-10-12 19:41:16.634  INFO 191300 --- [main] com.netflix.discovery.DiscoveryClient    : Application version is -1: true
2022-10-12 19:41:16.634  INFO 191300 --- [main] com.netflix.discovery.DiscoveryClient    : Getting all instance registry info from the eureka server
2022-10-12 19:41:17.217  INFO 191300 --- [main] com.netflix.discovery.DiscoveryClient    : The response status is 200
2022-10-12 19:41:17.223  INFO 191300 --- [main] com.netflix.discovery.DiscoveryClient    : Starting heartbeat executor: renew interval is: 30
2022-10-12 19:41:17.229  INFO 191300 --- [main] c.n.discovery.InstanceInfoReplicator     : InstanceInfoReplicator onDemand update allowed rate per min is 4
2022-10-12 19:41:17.235  INFO 191300 --- [main] com.netflix.discovery.DiscoveryClient    : Discovery Client initialized at timestamp 1665583877232 with initial instances count: 0
2022-10-12 19:41:17.238  INFO 191300 --- [main] o.s.c.n.e.s.EurekaServiceRegistry        : Registering application CUSTOMER-SERVICE with eureka with status UP
2022-10-12 19:41:17.239  INFO 191300 --- [main] com.netflix.discovery.DiscoveryClient    : Saw local status change event StatusChangeEvent [timestamp=1665583877239, current=UP, previous=STARTING]
2022-10-12 19:41:17.243  INFO 191300 --- [DiscoveryClient-InstanceInfoReplicator-0] com.netflix.discovery.DiscoveryClient    : DiscoveryClient_CUSTOMER-SERVICE/DESKTOP-29U9NHN:customer-service:9002: registering service...
2022-10-12 19:41:17.335  INFO 191300 --- [main] o.s.b.w.embedded.tomcat.TomcatWebServer  : Tomcat started on port(s): 9002 (http) with context path ''
2022-10-12 19:41:17.336  INFO 191300 --- [main] .s.c.n.e.s.EurekaAutoServiceRegistration : Updating port to 9002
2022-10-12 19:41:17.578  INFO 191300 --- [DiscoveryClient-InstanceInfoReplicator-0] com.netflix.discovery.DiscoveryClient    : DiscoveryClient_CUSTOMER-SERVICE/DESKTOP-29U9NHN:customer-service:9002 - registration status: 204
2022-10-12 19:41:18.192  INFO 191300 --- [main] com.aruntech.CustomerServiceApplication  : Started CustomerServiceApplication in 16.439 seconds (JVM running for 18.483)
2022-10-12 19:41:47.227  INFO 191300 --- [DiscoveryClient-CacheRefreshExecutor-0] com.netflix.discovery.DiscoveryClient    : Disable delta property : false
2022-10-12 19:41:47.227  INFO 191300 --- [DiscoveryClient-CacheRefreshExecutor-0] com.netflix.discovery.DiscoveryClient    : Single vip registry refresh property : null
2022-10-12 19:41:47.227  INFO 191300 --- [DiscoveryClient-CacheRefreshExecutor-0] com.netflix.discovery.DiscoveryClient    : Force full registry fetch : false
2022-10-12 19:41:47.228  INFO 191300 --- [DiscoveryClient-CacheRefreshExecutor-0] com.netflix.discovery.DiscoveryClient    : Application is null : false
2022-10-12 19:41:47.228  INFO 191300 --- [DiscoveryClient-CacheRefreshExecutor-0] com.netflix.discovery.DiscoveryClient    : Registered Applications size is zero : true
2022-10-12 19:41:47.228  INFO 191300 --- [DiscoveryClient-CacheRefreshExecutor-0] com.netflix.discovery.DiscoveryClient    : Application version is -1: false
2022-10-12 19:41:47.228  INFO 191300 --- [DiscoveryClient-CacheRefreshExecutor-0] com.netflix.discovery.DiscoveryClient    : Getting all instance registry info from the eureka server
2022-10-12 19:41:47.268  INFO 191300 --- [DiscoveryClient-CacheRefreshExecutor-0] com.netflix.discovery.DiscoveryClient    : The response status is 200
2022-10-12 19:42:06.220  INFO 190540 --- [main] com.aruntech.BankingServiceApplication   : No active profile set, falling back to default profiles: default
2022-10-12 19:42:08.288  INFO 190540 --- [main] o.s.cloud.context.scope.GenericScope     : BeanFactory id=a3a1e454-09a6-3a80-82bf-a4cac2c999d5
2022-10-12 19:42:08.571  INFO 190540 --- [main] trationDelegate$BeanPostProcessorChecker : Bean 'com.aruntech.service.CustomerConsumer' of type [org.springframework.cloud.openfeign.FeignClientFactoryBean] is not eligible for getting processed by all BeanPostProcessors (for example: not eligible for auto-proxying)
2022-10-12 19:42:09.691  INFO 190540 --- [main] o.s.b.w.embedded.tomcat.TomcatWebServer  : Tomcat initialized with port(s): 9001 (http)
2022-10-12 19:42:09.715  INFO 190540 --- [main] o.apache.catalina.core.StandardService   : Starting service [Tomcat]
2022-10-12 19:42:09.716  INFO 190540 --- [main] org.apache.catalina.core.StandardEngine  : Starting Servlet engine: [Apache Tomcat/9.0.31]
2022-10-12 19:42:10.914  INFO 190540 --- [main] o.a.c.c.C.[Tomcat].[localhost].[/]       : Initializing Spring embedded WebApplicationContext
2022-10-12 19:42:10.915  INFO 190540 --- [main] o.s.web.context.ContextLoader            : Root WebApplicationContext: initialization completed in 4643 ms
2022-10-12 19:42:11.599  WARN 190540 --- [main] c.n.c.sources.URLConfigurationSource     : No URLs will be polled as dynamic configuration sources.
2022-10-12 19:42:11.599  INFO 190540 --- [main] c.n.c.sources.URLConfigurationSource     : To enable URLs as dynamic configuration sources, define System property archaius.configurationSource.additionalUrls or make config.properties available on classpath.
2022-10-12 19:42:11.614  WARN 190540 --- [main] c.n.c.sources.URLConfigurationSource     : No URLs will be polled as dynamic configuration sources.
2022-10-12 19:42:11.614  INFO 190540 --- [main] c.n.c.sources.URLConfigurationSource     : To enable URLs as dynamic configuration sources, define System property archaius.configurationSource.additionalUrls or make config.properties available on classpath.
2022-10-12 19:42:12.375  INFO 190540 --- [main] o.s.s.concurrent.ThreadPoolTaskExecutor  : Initializing ExecutorService 'applicationTaskExecutor'
2022-10-12 19:42:14.350  WARN 190540 --- [main] ockingLoadBalancerClientRibbonWarnLogger : You already have RibbonLoadBalancerClient on your classpath. It will be used by default. As Spring Cloud Ribbon is in maintenance mode. We recommend switching to BlockingLoadBalancerClient instead. In order to use it, set the value of `spring.cloud.loadbalancer.ribbon.enabled` to `false` or remove spring-cloud-starter-netflix-ribbon from your project.
2022-10-12 19:42:14.439  INFO 190540 --- [main] o.s.c.n.eureka.InstanceInfoFactory       : Setting initial instance status as: STARTING
2022-10-12 19:42:14.584  INFO 190540 --- [main] com.netflix.discovery.DiscoveryClient    : Initializing Eureka in region us-east-1
2022-10-12 19:42:15.684  INFO 190540 --- [main] c.n.d.provider.DiscoveryJerseyProvider   : Using JSON encoding codec LegacyJacksonJson
2022-10-12 19:42:15.684  INFO 190540 --- [main] c.n.d.provider.DiscoveryJerseyProvider   : Using JSON decoding codec LegacyJacksonJson
2022-10-12 19:42:15.913  INFO 190540 --- [main] c.n.d.provider.DiscoveryJerseyProvider   : Using XML encoding codec XStreamXml
2022-10-12 19:42:15.913  INFO 190540 --- [main] c.n.d.provider.DiscoveryJerseyProvider   : Using XML decoding codec XStreamXml
2022-10-12 19:42:16.310  INFO 190540 --- [main] c.n.d.s.r.aws.ConfigClusterResolver      : Resolving eureka endpoints via configuration
2022-10-12 19:42:16.753  INFO 190540 --- [main] com.netflix.discovery.DiscoveryClient    : Disable delta property : false
2022-10-12 19:42:16.754  INFO 190540 --- [main] com.netflix.discovery.DiscoveryClient    : Single vip registry refresh property : null
2022-10-12 19:42:16.754  INFO 190540 --- [main] com.netflix.discovery.DiscoveryClient    : Force full registry fetch : false
2022-10-12 19:42:16.754  INFO 190540 --- [main] com.netflix.discovery.DiscoveryClient    : Application is null : false
2022-10-12 19:42:16.754  INFO 190540 --- [main] com.netflix.discovery.DiscoveryClient    : Registered Applications size is zero : true
2022-10-12 19:42:16.754  INFO 190540 --- [main] com.netflix.discovery.DiscoveryClient    : Application version is -1: true
2022-10-12 19:42:16.754  INFO 190540 --- [main] com.netflix.discovery.DiscoveryClient    : Getting all instance registry info from the eureka server
2022-10-12 19:42:17.210  INFO 190540 --- [main] com.netflix.discovery.DiscoveryClient    : The response status is 200
2022-10-12 19:42:17.214  INFO 190540 --- [main] com.netflix.discovery.DiscoveryClient    : Starting heartbeat executor: renew interval is: 30
2022-10-12 19:42:17.219  INFO 190540 --- [main] c.n.discovery.InstanceInfoReplicator     : InstanceInfoReplicator onDemand update allowed rate per min is 4
2022-10-12 19:42:17.233  INFO 190540 --- [main] com.netflix.discovery.DiscoveryClient    : Discovery Client initialized at timestamp 1665583937224 with initial instances count: 1
2022-10-12 19:42:17.237  INFO 190540 --- [main] o.s.c.n.e.s.EurekaServiceRegistry        : Registering application BANKING-SERVICE with eureka with status UP
2022-10-12 19:42:17.238  INFO 190540 --- [main] com.netflix.discovery.DiscoveryClient    : Saw local status change event StatusChangeEvent [timestamp=1665583937238, current=UP, previous=STARTING]
2022-10-12 19:42:17.246  INFO 190540 --- [DiscoveryClient-InstanceInfoReplicator-0] com.netflix.discovery.DiscoveryClient    : DiscoveryClient_BANKING-SERVICE/DESKTOP-29U9NHN:banking-service:9001: registering service...
2022-10-12 19:42:17.391  INFO 190540 --- [DiscoveryClient-InstanceInfoReplicator-0] com.netflix.discovery.DiscoveryClient    : DiscoveryClient_BANKING-SERVICE/DESKTOP-29U9NHN:banking-service:9001 - registration status: 204
2022-10-12 19:42:17.397  INFO 190540 --- [main] o.s.b.w.embedded.tomcat.TomcatWebServer  : Tomcat started on port(s): 9001 (http) with context path ''
2022-10-12 19:42:17.400  INFO 190540 --- [main] .s.c.n.e.s.EurekaAutoServiceRegistration : Updating port to 9001
2022-10-12 19:42:18.091  INFO 190540 --- [main] com.aruntech.BankingServiceApplication   : Started BankingServiceApplication in 16.427 seconds (JVM running for 17.794)
2022-10-12 19:44:15.783  INFO 190540 --- [http-nio-9001-exec-5] o.a.c.c.C.[Tomcat].[localhost].[/]       : Initializing Spring DispatcherServlet 'dispatcherServlet'
2022-10-12 19:44:15.786  INFO 190540 --- [http-nio-9001-exec-5] o.s.web.servlet.DispatcherServlet        : Initializing Servlet 'dispatcherServlet'
2022-10-12 19:44:15.854  INFO 190540 --- [http-nio-9001-exec-5] o.s.web.servlet.DispatcherServlet        : Completed initialization in 68 ms
2022-10-12 19:44:16.018  INFO 190540 --- [http-nio-9001-exec-5] com.aruntech.service.BankingService      : banking-service: Creating the new bank account
2022-10-12 19:44:16.019  INFO 190540 --- [http-nio-9001-exec-5] com.aruntech.service.BankingService      : banking-service: Payload for creating the new customer: CreateCustomerRequest{name='Arun', balance=2000.0, phone='xxxxxxxxxx', emailId='xxxx@gmail.com'}
2022-10-12 19:44:16.020  INFO 190540 --- [http-nio-9001-exec-5] com.aruntech.service.BankingService      : banking-service: Making call to customer-service to create the customer
2022-10-12 19:44:16.526  INFO 190540 --- [http-nio-9001-exec-5] c.netflix.config.ChainedDynamicProperty  : Flipping property: customer-service.ribbon.ActiveConnectionsLimit to use NEXT property: niws.loadbalancer.availabilityFilteringRule.activeConnectionsLimit = 2147483647
2022-10-12 19:44:16.620  INFO 190540 --- [http-nio-9001-exec-5] c.n.u.concurrent.ShutdownEnabledTimer    : Shutdown hook installed for: NFLoadBalancer-PingTimer-customer-service
2022-10-12 19:44:16.621  INFO 190540 --- [http-nio-9001-exec-5] c.netflix.loadbalancer.BaseLoadBalancer  : Client: customer-service instantiated a LoadBalancer: DynamicServerListLoadBalancer:{NFLoadBalancer:name=customer-service,current list of Servers=[],Load balancer stats=Zone stats: {},Server stats: []}ServerList:null
2022-10-12 19:44:16.860  INFO 190540 --- [http-nio-9001-exec-5] c.n.l.DynamicServerListLoadBalancer      : Using serverListUpdater PollingServerListUpdater
2022-10-12 19:44:16.926  INFO 190540 --- [http-nio-9001-exec-5] c.netflix.config.ChainedDynamicProperty  : Flipping property: customer-service.ribbon.ActiveConnectionsLimit to use NEXT property: niws.loadbalancer.availabilityFilteringRule.activeConnectionsLimit = 2147483647
2022-10-12 19:44:16.931  INFO 190540 --- [http-nio-9001-exec-5] c.n.l.DynamicServerListLoadBalancer      : DynamicServerListLoadBalancer for client customer-service initialized: DynamicServerListLoadBalancer:{NFLoadBalancer:name=customer-service,current list of Servers=[DESKTOP-29U9NHN:9002],Load balancer stats=Zone stats: {defaultzone=[Zone:defaultzone;	Instance count:1;	Active connections count: 0;	Circuit breaker tripped count: 0;	Active connections per server: 0.0;]
},Server stats: [[Server:DESKTOP-29U9NHN:9002;	Zone:defaultZone;	Total Requests:0;	Successive connection failure:0;	Total blackout seconds:0;	Last connection made:Thu Jan 01 05:30:00 IST 1970;	First connection made: Thu Jan 01 05:30:00 IST 1970;	Active Connections:0;	total failure count in last (1000) msecs:0;	average resp time:0.0;	90 percentile resp time:0.0;	95 percentile resp time:0.0;	min resp time:0.0;	max resp time:0.0;	stddev resp time:0.0]
]}ServerList:org.springframework.cloud.netflix.ribbon.eureka.DomainExtractingServerList@3873981d
2022-10-12 19:44:17.904  INFO 190540 --- [PollingServerListUpdater-0] c.netflix.config.ChainedDynamicProperty  : Flipping property: customer-service.ribbon.ActiveConnectionsLimit to use NEXT property: niws.loadbalancer.availabilityFilteringRule.activeConnectionsLimit = 2147483647
2022-10-12 19:44:18.047  INFO 191300 --- [http-nio-9002-exec-1] o.a.c.c.C.[Tomcat].[localhost].[/]       : Initializing Spring DispatcherServlet 'dispatcherServlet'
2022-10-12 19:44:18.057  INFO 191300 --- [http-nio-9002-exec-1] o.s.web.servlet.DispatcherServlet        : Initializing Servlet 'dispatcherServlet'
2022-10-12 19:44:18.523  INFO 191300 --- [http-nio-9002-exec-1] o.s.web.servlet.DispatcherServlet        : Completed initialization in 464 ms
2022-10-12 19:44:19.377  INFO 191300 --- [http-nio-9002-exec-1] com.aruntech.service.CustomerService     : customer-service: Create the new customer
2022-10-12 19:44:19.389  INFO 191300 --- [http-nio-9002-exec-1] com.aruntech.service.CustomerService     : customer-service: New customer Customer{id=883352, name='Arun', accountNo=26659595, balance=2000.0, phone='xxxxxxxxxx', emailId='xxxx@gmail.com'} was created successfully
2022-10-12 19:44:58.617  INFO 190540 --- [http-nio-9001-exec-2] com.aruntech.service.BankingService      : banking-service: Creating the new bank account
2022-10-12 19:44:58.617  INFO 190540 --- [http-nio-9001-exec-2] com.aruntech.service.BankingService      : banking-service: Payload for creating the new customer: CreateCustomerRequest{name='Arun', balance=2000.0, phone='xxxxxxxxxx', emailId='xxxx@gmail.com'}
2022-10-12 19:44:58.618  INFO 190540 --- [http-nio-9001-exec-2] com.aruntech.service.BankingService      : banking-service: Making call to customer-service to create the customer
2022-10-12 19:44:58.626  INFO 191300 --- [http-nio-9002-exec-2] com.aruntech.service.CustomerService     : customer-service: Create the new customer
2022-10-12 19:44:58.626  INFO 191300 --- [http-nio-9002-exec-2] com.aruntech.service.CustomerService     : customer-service: New customer Customer{id=157069, name='Arun', accountNo=72136485, balance=2000.0, phone='xxxxxxxxxx', emailId='xxxx@gmail.com'} was created successfully
2022-10-12 19:44:58.647  INFO 190540 --- [http-nio-9001-exec-2] com.aruntech.service.BankingService      : banking-service: Response from customer-service for the new customer: Customer{id=157069, name='Arun', accountNo=72136485, balance=2000.0, phone='xxxxxxxxxx', emailId='xxxx@gmail.com'}
2022-10-12 19:44:58.648  INFO 190540 --- [http-nio-9001-exec-2] com.aruntech.service.BankingService      : banking-service: Account was created with response: AccountCreateResponse{status='success', message='Successfully created the bank account', customerId='157069', accountNo='72136485'}
2022-10-12 19:46:01.638  INFO 190540 --- [http-nio-9001-exec-3] com.aruntech.service.BankingService      : banking-service: Deposit the amount with payload TransactionRequest{customerId='157069', accountNo='0', amount=1000.0}
2022-10-12 19:46:01.683  INFO 191300 --- [http-nio-9002-exec-3] com.aruntech.service.CustomerService     : customer-service: Fetch the customer with id 157069
2022-10-12 19:46:01.684  INFO 191300 --- [http-nio-9002-exec-3] com.aruntech.service.CustomerService     : customer-service: Retrieved the customer with details Customer{id=157069, name='Arun', accountNo=72136485, balance=2000.0, phone='xxxxxxxxxx', emailId='xxxx@gmail.com'}
2022-10-12 19:46:01.687  INFO 190540 --- [http-nio-9001-exec-3] com.aruntech.service.BankingService      : banking-service: Calling customer-service with payload: UpdateBalanceRequest{id=157069, accountNo=72136485, amount=3000.0}
2022-10-12 19:46:01.699  INFO 191300 --- [http-nio-9002-exec-5] com.aruntech.service.CustomerService     : customer-service: Update the customer details with id 157069
2022-10-12 19:46:01.700  INFO 191300 --- [http-nio-9002-exec-5] com.aruntech.service.CustomerService     : customer-service: The updated customer details are Customer{id=157069, name='Arun', accountNo=72136485, balance=3000.0, phone='xxxxxxxxxx', emailId='xxxx@gmail.com'}
2022-10-12 19:46:01.705  INFO 191300 --- [http-nio-9002-exec-7] com.aruntech.service.CustomerService     : customer-service: Fetch the customer with id 157069
2022-10-12 19:46:01.705  INFO 191300 --- [http-nio-9002-exec-7] com.aruntech.service.CustomerService     : customer-service: Retrieved the customer with details Customer{id=157069, name='Arun', accountNo=72136485, balance=3000.0, phone='xxxxxxxxxx', emailId='xxxx@gmail.com'}
2022-10-12 19:46:01.706  INFO 190540 --- [http-nio-9001-exec-3] com.aruntech.service.BankingService      : banking-service: Updated customer details from customer-service: Customer{id=157069, name='Arun', accountNo=72136485, balance=3000.0, phone='xxxxxxxxxx', emailId='xxxx@gmail.com'}
2022-10-12 19:46:01.708  INFO 190540 --- [http-nio-9001-exec-3] com.aruntech.service.BankingService      : banking-service: Balance was updated successfully with details TransactionResponse{status='success', message='Successfully updated the balance', balance=3000.0}
2022-10-12 19:46:16.659  INFO 191300 --- [AsyncResolver-bootstrap-executor-0] c.n.d.s.r.aws.ConfigClusterResolver      : Resolving eureka endpoints via configuration
2022-10-12 19:46:25.425  INFO 191300 --- [http-nio-9002-exec-9] com.aruntech.service.CustomerService     : customer-service: Fetch the customer with id 157069
2022-10-12 19:46:25.426  INFO 191300 --- [http-nio-9002-exec-9] com.aruntech.service.CustomerService     : customer-service: Retrieved the customer with details Customer{id=157069, name='Arun', accountNo=72136485, balance=3000.0, phone='xxxxxxxxxx', emailId='xxxx@gmail.com'}
2022-10-12 19:46:25.430 ERROR 190540 --- [http-nio-9001-exec-9] com.aruntech.service.BankingService      : banking-service: Insufficient amount for the withdrawal
2022-10-12 19:46:25.466 ERROR 190540 --- [http-nio-9001-exec-9] o.a.c.c.C.[.[.[/].[dispatcherServlet]    : Servlet.service() for servlet [dispatcherServlet] in context with path [] threw exception [Request processing failed; nested exception is java.lang.Exception: Insufficient amount for the withdrawal] with root cause

java.lang.Exception: Insufficient amount for the withdrawal
	at com.aruntech.service.BankingService.withdraw(BankingService.java:65) ~[classes/:na]
	at com.aruntech.controller.BankController.withdraw(BankController.java:40) ~[classes/:na]
	at sun.reflect.NativeMethodAccessorImpl.invoke0(Native Method) ~[na:1.8.0_301]
	at sun.reflect.NativeMethodAccessorImpl.invoke(NativeMethodAccessorImpl.java:62) ~[na:1.8.0_301]
	at sun.reflect.DelegatingMethodAccessorImpl.invoke(DelegatingMethodAccessorImpl.java:43) ~[na:1.8.0_301]
	at java.lang.reflect.Method.invoke(Method.java:498) ~[na:1.8.0_301]
	at org.springframework.web.method.support.InvocableHandlerMethod.doInvoke(InvocableHandlerMethod.java:190) ~[spring-web-5.2.4.RELEASE.jar:5.2.4.RELEASE]
	at org.springframework.web.method.support.InvocableHandlerMethod.invokeForRequest(InvocableHandlerMethod.java:138) ~[spring-web-5.2.4.RELEASE.jar:5.2.4.RELEASE]
	at org.springframework.web.servlet.mvc.method.annotation.ServletInvocableHandlerMethod.invokeAndHandle(ServletInvocableHandlerMethod.java:106) ~[spring-webmvc-5.2.4.RELEASE.jar:5.2.4.RELEASE]
	at org.springframework.web.servlet.mvc.method.annotation.RequestMappingHandlerAdapter.invokeHandlerMethod(RequestMappingHandlerAdapter.java:879) ~[spring-webmvc-5.2.4.RELEASE.jar:5.2.4.RELEASE]
	at org.springframework.web.servlet.mvc.method.annotation.RequestMappingHandlerAdapter.handleInternal(RequestMappingHandlerAdapter.java:793) ~[spring-webmvc-5.2.4.RELEASE.jar:5.2.4.RELEASE]
	at org.springframework.web.servlet.mvc.method.AbstractHandlerMethodAdapter.handle(AbstractHandlerMethodAdapter.java:87) ~[spring-webmvc-5.2.4.RELEASE.jar:5.2.4.RELEASE]
	at org.springframework.web.servlet.DispatcherServlet.doDispatch(DispatcherServlet.java:1040) ~[spring-webmvc-5.2.4.RELEASE.jar:5.2.4.RELEASE]
	at org.springframework.web.servlet.DispatcherServlet.doService(DispatcherServlet.java:943) ~[spring-webmvc-5.2.4.RELEASE.jar:5.2.4.RELEASE]
	at org.springframework.web.servlet.FrameworkServlet.processRequest(FrameworkServlet.java:1006) ~[spring-webmvc-5.2.4.RELEASE.jar:5.2.4.RELEASE]
	at org.springframework.web.servlet.FrameworkServlet.doPost(FrameworkServlet.java:909) ~[spring-webmvc-5.2.4.RELEASE.jar:5.2.4.RELEASE]
	at javax.servlet.http.HttpServlet.service(HttpServlet.java:660) ~[tomcat-embed-core-9.0.31.jar:9.0.31]
	at org.springframework.web.servlet.FrameworkServlet.service(FrameworkServlet.java:883) ~[spring-webmvc-5.2.4.RELEASE.jar:5.2.4.RELEASE]
	at javax.servlet.http.HttpServlet.service(HttpServlet.java:741) ~[tomcat-embed-core-9.0.31.jar:9.0.31]
	at org.apache.catalina.core.ApplicationFilterChain.internalDoFilter(ApplicationFilterChain.java:231) ~[tomcat-embed-core-9.0.31.jar:9.0.31]
	at org.apache.catalina.core.ApplicationFilterChain.doFilter(ApplicationFilterChain.java:166) ~[tomcat-embed-core-9.0.31.jar:9.0.31]
	at org.apache.tomcat.websocket.server.WsFilter.doFilter(WsFilter.java:53) ~[tomcat-embed-websocket-9.0.31.jar:9.0.31]
	at org.apache.catalina.core.ApplicationFilterChain.internalDoFilter(ApplicationFilterChain.java:193) ~[tomcat-embed-core-9.0.31.jar:9.0.31]
	at org.apache.catalina.core.ApplicationFilterChain.doFilter(ApplicationFilterChain.java:166) ~[tomcat-embed-core-9.0.31.jar:9.0.31]
	at org.springframework.web.filter.RequestContextFilter.doFilterInternal(RequestContextFilter.java:100) ~[spring-web-5.2.4.RELEASE.jar:5.2.4.RELEASE]
	at org.springframework.web.filter.OncePerRequestFilter.doFilter(OncePerRequestFilter.java:119) ~[spring-web-5.2.4.RELEASE.jar:5.2.4.RELEASE]
	at org.apache.catalina.core.ApplicationFilterChain.internalDoFilter(ApplicationFilterChain.java:193) ~[tomcat-embed-core-9.0.31.jar:9.0.31]
	at org.apache.catalina.core.ApplicationFilterChain.doFilter(ApplicationFilterChain.java:166) ~[tomcat-embed-core-9.0.31.jar:9.0.31]
	at org.springframework.web.filter.FormContentFilter.doFilterInternal(FormContentFilter.java:93) ~[spring-web-5.2.4.RELEASE.jar:5.2.4.RELEASE]
	at org.springframework.web.filter.OncePerRequestFilter.doFilter(OncePerRequestFilter.java:119) ~[spring-web-5.2.4.RELEASE.jar:5.2.4.RELEASE]
	at org.apache.catalina.core.ApplicationFilterChain.internalDoFilter(ApplicationFilterChain.java:193) ~[tomcat-embed-core-9.0.31.jar:9.0.31]
	at org.apache.catalina.core.ApplicationFilterChain.doFilter(ApplicationFilterChain.java:166) ~[tomcat-embed-core-9.0.31.jar:9.0.31]
	at org.springframework.web.filter.CharacterEncodingFilter.doFilterInternal(CharacterEncodingFilter.java:201) ~[spring-web-5.2.4.RELEASE.jar:5.2.4.RELEASE]
	at org.springframework.web.filter.OncePerRequestFilter.doFilter(OncePerRequestFilter.java:119) ~[spring-web-5.2.4.RELEASE.jar:5.2.4.RELEASE]
	at org.apache.catalina.core.ApplicationFilterChain.internalDoFilter(ApplicationFilterChain.java:193) ~[tomcat-embed-core-9.0.31.jar:9.0.31]
	at org.apache.catalina.core.ApplicationFilterChain.doFilter(ApplicationFilterChain.java:166) ~[tomcat-embed-core-9.0.31.jar:9.0.31]
	at org.apache.catalina.core.StandardWrapperValve.invoke(StandardWrapperValve.java:202) ~[tomcat-embed-core-9.0.31.jar:9.0.31]
	at org.apache.catalina.core.StandardContextValve.invoke(StandardContextValve.java:96) [tomcat-embed-core-9.0.31.jar:9.0.31]
	at org.apache.catalina.authenticator.AuthenticatorBase.invoke(AuthenticatorBase.java:541) [tomcat-embed-core-9.0.31.jar:9.0.31]
	at org.apache.catalina.core.StandardHostValve.invoke(StandardHostValve.java:139) [tomcat-embed-core-9.0.31.jar:9.0.31]
	at org.apache.catalina.valves.ErrorReportValve.invoke(ErrorReportValve.java:92) [tomcat-embed-core-9.0.31.jar:9.0.31]
	at org.apache.catalina.core.StandardEngineValve.invoke(StandardEngineValve.java:74) [tomcat-embed-core-9.0.31.jar:9.0.31]
	at org.apache.catalina.connector.CoyoteAdapter.service(CoyoteAdapter.java:343) [tomcat-embed-core-9.0.31.jar:9.0.31]
	at org.apache.coyote.http11.Http11Processor.service(Http11Processor.java:367) [tomcat-embed-core-9.0.31.jar:9.0.31]
	at org.apache.coyote.AbstractProcessorLight.process(AbstractProcessorLight.java:65) [tomcat-embed-core-9.0.31.jar:9.0.31]
	at org.apache.coyote.AbstractProtocol$ConnectionHandler.process(AbstractProtocol.java:868) [tomcat-embed-core-9.0.31.jar:9.0.31]
	at org.apache.tomcat.util.net.NioEndpoint$SocketProcessor.doRun(NioEndpoint.java:1639) [tomcat-embed-core-9.0.31.jar:9.0.31]
	at org.apache.tomcat.util.net.SocketProcessorBase.run(SocketProcessorBase.java:49) [tomcat-embed-core-9.0.31.jar:9.0.31]
	at java.util.concurrent.ThreadPoolExecutor.runWorker(ThreadPoolExecutor.java:1149) [na:1.8.0_301]
	at java.util.concurrent.ThreadPoolExecutor$Worker.run(ThreadPoolExecutor.java:624) [na:1.8.0_301]
	at org.apache.tomcat.util.threads.TaskThread$WrappingRunnable.run(TaskThread.java:61) [tomcat-embed-core-9.0.31.jar:9.0.31]
	at java.lang.Thread.run(Thread.java:748) [na:1.8.0_301]

2022-10-12 19:46:36.103  INFO 191300 --- [http-nio-9002-exec-8] com.aruntech.service.CustomerService     : customer-service: Fetch the customer with id 157069
2022-10-12 19:46:36.104  INFO 191300 --- [http-nio-9002-exec-8] com.aruntech.service.CustomerService     : customer-service: Retrieved the customer with details Customer{id=157069, name='Arun', accountNo=72136485, balance=3000.0, phone='xxxxxxxxxx', emailId='xxxx@gmail.com'}
2022-10-12 19:46:36.107  INFO 190540 --- [http-nio-9001-exec-8] com.aruntech.service.BankingService      : banking-service: Calling customer-service with payload: UpdateBalanceRequest{id=157069, accountNo=72136485, amount=2000.0}
2022-10-12 19:46:36.115  INFO 191300 --- [http-nio-9002-exec-6] com.aruntech.service.CustomerService     : customer-service: Update the customer details with id 157069
2022-10-12 19:46:36.115  INFO 191300 --- [http-nio-9002-exec-6] com.aruntech.service.CustomerService     : customer-service: The updated customer details are Customer{id=157069, name='Arun', accountNo=72136485, balance=2000.0, phone='xxxxxxxxxx', emailId='xxxx@gmail.com'}
2022-10-12 19:46:36.122  INFO 191300 --- [http-nio-9002-exec-10] com.aruntech.service.CustomerService     : customer-service: Fetch the customer with id 157069
2022-10-12 19:46:36.122  INFO 191300 --- [http-nio-9002-exec-10] com.aruntech.service.CustomerService     : customer-service: Retrieved the customer with details Customer{id=157069, name='Arun', accountNo=72136485, balance=2000.0, phone='xxxxxxxxxx', emailId='xxxx@gmail.com'}
2022-10-12 19:46:36.125  INFO 190540 --- [http-nio-9001-exec-8] com.aruntech.service.BankingService      : banking-service: Updated customer details from customer-service: Customer{id=157069, name='Arun', accountNo=72136485, balance=2000.0, phone='xxxxxxxxxx', emailId='xxxx@gmail.com'}
2022-10-12 19:46:36.125  INFO 190540 --- [http-nio-9001-exec-8] com.aruntech.service.BankingService      : banking-service: Balance was updated successfully with details TransactionResponse{status='success', message='Successfully updated the balance', balance=2000.0}
2022-10-12 19:46:59.579  INFO 190540 --- [http-nio-9001-exec-7] com.aruntech.service.BankingService      : banking-service: Fetch the customer details with id 157069
2022-10-12 19:46:59.584  INFO 191300 --- [http-nio-9002-exec-1] com.aruntech.service.CustomerService     : customer-service: Fetch the customer with id 157069
2022-10-12 19:46:59.585  INFO 191300 --- [http-nio-9002-exec-1] com.aruntech.service.CustomerService     : customer-service: Retrieved the customer with details Customer{id=157069, name='Arun', accountNo=72136485, balance=2000.0, phone='xxxxxxxxxx', emailId='xxxx@gmail.com'}
2022-10-12 19:46:59.587  INFO 190540 --- [http-nio-9001-exec-7] com.aruntech.service.BankingService      : banking-service: Fetch the customer details Customer{id=157069, name='Arun', accountNo=72136485, balance=2000.0, phone='xxxxxxxxxx', emailId='xxxx@gmail.com'}
2022-10-12 19:47:16.763  INFO 190540 --- [AsyncResolver-bootstrap-executor-0] c.n.d.s.r.aws.ConfigClusterResolver      : Resolving eureka endpoints via configuration
2022-10-12 19:47:18.351  INFO 190540 --- [http-nio-9001-exec-6] com.aruntech.service.BankingService      : banking-service: Check the balance of the customer id 157069
2022-10-12 19:47:18.355  INFO 191300 --- [http-nio-9002-exec-2] com.aruntech.service.CustomerService     : customer-service: Fetch the customer with id 157069
2022-10-12 19:47:18.355  INFO 191300 --- [http-nio-9002-exec-2] com.aruntech.service.CustomerService     : customer-service: Retrieved the customer with details Customer{id=157069, name='Arun', accountNo=72136485, balance=2000.0, phone='xxxxxxxxxx', emailId='xxxx@gmail.com'}
2022-10-12 19:47:18.359  INFO 190540 --- [http-nio-9001-exec-6] com.aruntech.service.BankingService      : banking-service: Response of balance: Arun your account number 72136485 has balance Rs:2000.0
2022-10-12 19:49:33.440  INFO 191300 --- [SpringContextShutdownHook] o.s.c.n.e.s.EurekaServiceRegistry        : Unregistering application CUSTOMER-SERVICE with eureka with status DOWN
2022-10-12 19:49:33.442  WARN 191300 --- [SpringContextShutdownHook] com.netflix.discovery.DiscoveryClient    : Saw local status change event StatusChangeEvent [timestamp=1665584373442, current=DOWN, previous=UP]
2022-10-12 19:49:33.445  INFO 191300 --- [DiscoveryClient-InstanceInfoReplicator-0] com.netflix.discovery.DiscoveryClient    : DiscoveryClient_CUSTOMER-SERVICE/DESKTOP-29U9NHN:customer-service:9002: registering service...
2022-10-12 19:49:33.487  INFO 191300 --- [DiscoveryClient-InstanceInfoReplicator-0] com.netflix.discovery.DiscoveryClient    : DiscoveryClient_CUSTOMER-SERVICE/DESKTOP-29U9NHN:customer-service:9002 - registration status: 204
2022-10-12 19:49:33.523  INFO 191300 --- [SpringContextShutdownHook] o.s.s.concurrent.ThreadPoolTaskExecutor  : Shutting down ExecutorService 'applicationTaskExecutor'
2022-10-12 19:49:33.551  INFO 191300 --- [SpringContextShutdownHook] com.netflix.discovery.DiscoveryClient    : Shutting down DiscoveryClient ...
2022-10-12 19:49:36.602  INFO 191300 --- [SpringContextShutdownHook] com.netflix.discovery.DiscoveryClient    : Unregistering ...
2022-10-12 19:49:36.696  INFO 191300 --- [SpringContextShutdownHook] com.netflix.discovery.DiscoveryClient    : DiscoveryClient_CUSTOMER-SERVICE/DESKTOP-29U9NHN:customer-service:9002 - deregister  status: 200
2022-10-12 19:49:36.769  INFO 191300 --- [SpringContextShutdownHook] com.netflix.discovery.DiscoveryClient    : Completed shut down of DiscoveryClient
2022-10-12 19:49:37.579  INFO 190540 --- [Thread-9] c.n.l.PollingServerListUpdater           : Shutting down the Executor Pool for PollingServerListUpdater
2022-10-12 19:49:37.593  INFO 190540 --- [SpringContextShutdownHook] o.s.c.n.e.s.EurekaServiceRegistry        : Unregistering application BANKING-SERVICE with eureka with status DOWN
2022-10-12 19:49:37.594  WARN 190540 --- [SpringContextShutdownHook] com.netflix.discovery.DiscoveryClient    : Saw local status change event StatusChangeEvent [timestamp=1665584377594, current=DOWN, previous=UP]
2022-10-12 19:49:37.594  INFO 190540 --- [DiscoveryClient-InstanceInfoReplicator-0] com.netflix.discovery.DiscoveryClient    : DiscoveryClient_BANKING-SERVICE/DESKTOP-29U9NHN:banking-service:9001: registering service...
2022-10-12 19:49:37.611  INFO 190540 --- [DiscoveryClient-InstanceInfoReplicator-0] com.netflix.discovery.DiscoveryClient    : DiscoveryClient_BANKING-SERVICE/DESKTOP-29U9NHN:banking-service:9001 - registration status: 204
2022-10-12 19:49:37.620  INFO 190540 --- [SpringContextShutdownHook] o.s.s.concurrent.ThreadPoolTaskExecutor  : Shutting down ExecutorService 'applicationTaskExecutor'
2022-10-12 19:49:37.635  INFO 190540 --- [SpringContextShutdownHook] c.n.u.concurrent.ShutdownEnabledTimer    : Shutdown hook removed for: NFLoadBalancer-PingTimer-customer-service
2022-10-12 19:49:37.637  INFO 190540 --- [SpringContextShutdownHook] c.n.u.concurrent.ShutdownEnabledTimer    : Exception caught (might be ok if at shutdown)

java.lang.IllegalStateException: Shutdown in progress
	at java.lang.ApplicationShutdownHooks.remove(ApplicationShutdownHooks.java:82) ~[na:1.8.0_301]
	at java.lang.Runtime.removeShutdownHook(Runtime.java:239) ~[na:1.8.0_301]
	at com.netflix.util.concurrent.ShutdownEnabledTimer.cancel(ShutdownEnabledTimer.java:70) ~[netflix-commons-util-0.3.0.jar:0.3.0]
	at com.netflix.loadbalancer.BaseLoadBalancer.cancelPingTask(BaseLoadBalancer.java:632) [ribbon-loadbalancer-2.3.0.jar:2.3.0]
	at com.netflix.loadbalancer.BaseLoadBalancer.shutdown(BaseLoadBalancer.java:883) [ribbon-loadbalancer-2.3.0.jar:2.3.0]
	at com.netflix.loadbalancer.DynamicServerListLoadBalancer.shutdown(DynamicServerListLoadBalancer.java:285) [ribbon-loadbalancer-2.3.0.jar:2.3.0]
	at sun.reflect.NativeMethodAccessorImpl.invoke0(Native Method) ~[na:1.8.0_301]
	at sun.reflect.NativeMethodAccessorImpl.invoke(NativeMethodAccessorImpl.java:62) ~[na:1.8.0_301]
	at sun.reflect.DelegatingMethodAccessorImpl.invoke(DelegatingMethodAccessorImpl.java:43) ~[na:1.8.0_301]
	at java.lang.reflect.Method.invoke(Method.java:498) ~[na:1.8.0_301]
	at org.springframework.beans.factory.support.DisposableBeanAdapter.invokeCustomDestroyMethod(DisposableBeanAdapter.java:339) [spring-beans-5.2.4.RELEASE.jar:5.2.4.RELEASE]
	at org.springframework.beans.factory.support.DisposableBeanAdapter.destroy(DisposableBeanAdapter.java:273) [spring-beans-5.2.4.RELEASE.jar:5.2.4.RELEASE]
	at org.springframework.beans.factory.support.DefaultSingletonBeanRegistry.destroyBean(DefaultSingletonBeanRegistry.java:571) [spring-beans-5.2.4.RELEASE.jar:5.2.4.RELEASE]
	at org.springframework.beans.factory.support.DefaultSingletonBeanRegistry.destroySingleton(DefaultSingletonBeanRegistry.java:543) [spring-beans-5.2.4.RELEASE.jar:5.2.4.RELEASE]
	at org.springframework.beans.factory.support.DefaultListableBeanFactory.destroySingleton(DefaultListableBeanFactory.java:1072) [spring-beans-5.2.4.RELEASE.jar:5.2.4.RELEASE]
	at org.springframework.beans.factory.support.DefaultSingletonBeanRegistry.destroySingletons(DefaultSingletonBeanRegistry.java:504) [spring-beans-5.2.4.RELEASE.jar:5.2.4.RELEASE]
	at org.springframework.beans.factory.support.DefaultListableBeanFactory.destroySingletons(DefaultListableBeanFactory.java:1065) [spring-beans-5.2.4.RELEASE.jar:5.2.4.RELEASE]
	at org.springframework.context.support.AbstractApplicationContext.destroyBeans(AbstractApplicationContext.java:1060) [spring-context-5.2.4.RELEASE.jar:5.2.4.RELEASE]
	at org.springframework.context.support.AbstractApplicationContext.doClose(AbstractApplicationContext.java:1029) [spring-context-5.2.4.RELEASE.jar:5.2.4.RELEASE]
	at org.springframework.context.support.AbstractApplicationContext.close(AbstractApplicationContext.java:978) [spring-context-5.2.4.RELEASE.jar:5.2.4.RELEASE]
	at org.springframework.cloud.context.named.NamedContextFactory.destroy(NamedContextFactory.java:92) [spring-cloud-context-2.2.2.RELEASE.jar:2.2.2.RELEASE]
	at org.springframework.beans.factory.support.DisposableBeanAdapter.destroy(DisposableBeanAdapter.java:258) [spring-beans-5.2.4.RELEASE.jar:5.2.4.RELEASE]
	at org.springframework.beans.factory.support.DefaultSingletonBeanRegistry.destroyBean(DefaultSingletonBeanRegistry.java:571) [spring-beans-5.2.4.RELEASE.jar:5.2.4.RELEASE]
	at org.springframework.beans.factory.support.DefaultSingletonBeanRegistry.destroySingleton(DefaultSingletonBeanRegistry.java:543) [spring-beans-5.2.4.RELEASE.jar:5.2.4.RELEASE]
	at org.springframework.beans.factory.support.DefaultListableBeanFactory.destroySingleton(DefaultListableBeanFactory.java:1072) [spring-beans-5.2.4.RELEASE.jar:5.2.4.RELEASE]
	at org.springframework.beans.factory.support.DefaultSingletonBeanRegistry.destroySingletons(DefaultSingletonBeanRegistry.java:504) [spring-beans-5.2.4.RELEASE.jar:5.2.4.RELEASE]
	at org.springframework.beans.factory.support.DefaultListableBeanFactory.destroySingletons(DefaultListableBeanFactory.java:1065) [spring-beans-5.2.4.RELEASE.jar:5.2.4.RELEASE]
	at org.springframework.context.support.AbstractApplicationContext.destroyBeans(AbstractApplicationContext.java:1060) [spring-context-5.2.4.RELEASE.jar:5.2.4.RELEASE]
	at org.springframework.context.support.AbstractApplicationContext.doClose(AbstractApplicationContext.java:1029) [spring-context-5.2.4.RELEASE.jar:5.2.4.RELEASE]
	at org.springframework.context.support.AbstractApplicationContext$1.run(AbstractApplicationContext.java:948) [spring-context-5.2.4.RELEASE.jar:5.2.4.RELEASE]

2022-10-12 19:49:37.659  INFO 190540 --- [SpringContextShutdownHook] com.netflix.discovery.DiscoveryClient    : Shutting down DiscoveryClient ...
2022-10-12 19:49:40.671  INFO 190540 --- [SpringContextShutdownHook] com.netflix.discovery.DiscoveryClient    : Unregistering ...
2022-10-12 19:49:40.685  INFO 190540 --- [SpringContextShutdownHook] com.netflix.discovery.DiscoveryClient    : DiscoveryClient_BANKING-SERVICE/DESKTOP-29U9NHN:banking-service:9001 - deregister  status: 200
2022-10-12 19:49:40.718  INFO 190540 --- [SpringContextShutdownHook] com.netflix.discovery.DiscoveryClient    : Completed shut down of DiscoveryClient
